[debug] [2022-02-02T15:40:29.670Z] ----------------------------------------------------------------------
[debug] [2022-02-02T15:40:29.672Z] Command:       /usr/local/bin/firebase /Users/travelingmonk/.cache/firebase/tools/lib/node_modules/firebase-tools/lib/bin/firebase init
[debug] [2022-02-02T15:40:29.672Z] CLI Version:   9.22.0
[debug] [2022-02-02T15:40:29.672Z] Platform:      darwin
[debug] [2022-02-02T15:40:29.672Z] Node Version:  v12.18.1
[debug] [2022-02-02T15:40:29.677Z] Time:          Wed Feb 02 2022 21:10:29 GMT+0530 (India Standard Time)
[debug] [2022-02-02T15:40:29.677Z] ----------------------------------------------------------------------
[debug] 
[debug] [2022-02-02T15:40:29.722Z] > command requires scopes: ["email","openid","https://www.googleapis.com/auth/cloudplatformprojects.readonly","https://www.googleapis.com/auth/firebase","https://www.googleapis.com/auth/cloud-platform"]
[debug] [2022-02-02T15:40:29.722Z] > authorizing via signed-in user (grp.gyanaranjan@gmail.com)
[info] 
     ######## #### ########  ######## ########     ###     ######  ########
     ##        ##  ##     ## ##       ##     ##  ##   ##  ##       ##
     ######    ##  ########  ######   ########  #########  ######  ######
     ##        ##  ##    ##  ##       ##     ## ##     ##       ## ##
     ##       #### ##     ## ######## ########  ##     ##  ######  ########

You're about to initialize a Firebase project in this directory:

  /Users/travelingmonk/Developement/internship

Before we get started, keep in mind:

  * You are initializing within an existing Firebase project directory

